<?xml version="1.0" encoding="UTF-8"?>
<testsuite xmlns:xsi="http://www.w3.org/2001/XMLSchema-instance" xsi:noNamespaceSchemaLocation="https://maven.apache.org/surefire/maven-surefire-plugin/xsd/surefire-test-report.xsd" name="cucumber_options.TestRunner" time="15.129" tests="14" errors="0" skipped="0" failures="2">
  <properties>
    <property name="java.specification.version" value="14"/>
    <property name="sun.cpu.isalist" value="amd64"/>
    <property name="sun.jnu.encoding" value="Cp1252"/>
    <property name="java.class.path" value="C:\Users\ali.boztemir\Desktop\AutoGroup\RestAssuredBDDTests-master\target\test-classes;C:\Users\ali.boztemir\Desktop\AutoGroup\RestAssuredBDDTests-master\target\classes;C:\Users\ali.boztemir\.m2\repository\junit\junit\4.13.1\junit-4.13.1.jar;C:\Users\ali.boztemir\.m2\repository\org\hamcrest\hamcrest-core\1.3\hamcrest-core-1.3.jar;C:\Users\ali.boztemir\.m2\repository\io\cucumber\cucumber-java\6.9.1\cucumber-java-6.9.1.jar;C:\Users\ali.boztemir\.m2\repository\io\cucumber\cucumber-core\6.9.1\cucumber-core-6.9.1.jar;C:\Users\ali.boztemir\.m2\repository\io\cucumber\cucumber-gherkin\6.9.1\cucumber-gherkin-6.9.1.jar;C:\Users\ali.boztemir\.m2\repository\io\cucumber\cucumber-gherkin-messages\6.9.1\cucumber-gherkin-messages-6.9.1.jar;C:\Users\ali.boztemir\.m2\repository\io\cucumber\messages\13.2.1\messages-13.2.1.jar;C:\Users\ali.boztemir\.m2\repository\io\cucumber\tag-expressions\3.0.0\tag-expressions-3.0.0.jar;C:\Users\ali.boztemir\.m2\repository\io\cucumber\cucumber-expressions\10.3.0\cucumber-expressions-10.3.0.jar;C:\Users\ali.boztemir\.m2\repository\io\cucumber\datatable\3.5.0\datatable-3.5.0.jar;C:\Users\ali.boztemir\.m2\repository\io\cucumber\cucumber-plugin\6.9.1\cucumber-plugin-6.9.1.jar;C:\Users\ali.boztemir\.m2\repository\io\cucumber\docstring\6.9.1\docstring-6.9.1.jar;C:\Users\ali.boztemir\.m2\repository\io\cucumber\html-formatter\9.0.0\html-formatter-9.0.0.jar;C:\Users\ali.boztemir\.m2\repository\io\cucumber\create-meta\2.0.4\create-meta-2.0.4.jar;C:\Users\ali.boztemir\.m2\repository\org\apiguardian\apiguardian-api\1.1.0\apiguardian-api-1.1.0.jar;C:\Users\ali.boztemir\.m2\repository\io\cucumber\cucumber-junit\6.9.1\cucumber-junit-6.9.1.jar;C:\Users\ali.boztemir\.m2\repository\io\rest-assured\rest-assured\4.3.3\rest-assured-4.3.3.jar;C:\Users\ali.boztemir\.m2\repository\org\codehaus\groovy\groovy\3.0.7\groovy-3.0.7.jar;C:\Users\ali.boztemir\.m2\repository\org\codehaus\groovy\groovy-xml\3.0.7\groovy-xml-3.0.7.jar;C:\Users\ali.boztemir\.m2\repository\org\apache\httpcomponents\httpclient\4.5.3\httpclient-4.5.3.jar;C:\Users\ali.boztemir\.m2\repository\org\apache\httpcomponents\httpcore\4.4.6\httpcore-4.4.6.jar;C:\Users\ali.boztemir\.m2\repository\commons-logging\commons-logging\1.2\commons-logging-1.2.jar;C:\Users\ali.boztemir\.m2\repository\org\apache\httpcomponents\httpmime\4.5.3\httpmime-4.5.3.jar;C:\Users\ali.boztemir\.m2\repository\org\hamcrest\hamcrest\2.1\hamcrest-2.1.jar;C:\Users\ali.boztemir\.m2\repository\org\ccil\cowan\tagsoup\tagsoup\1.2.1\tagsoup-1.2.1.jar;C:\Users\ali.boztemir\.m2\repository\io\rest-assured\json-path\4.3.3\json-path-4.3.3.jar;C:\Users\ali.boztemir\.m2\repository\org\codehaus\groovy\groovy-json\3.0.7\groovy-json-3.0.7.jar;C:\Users\ali.boztemir\.m2\repository\io\rest-assured\rest-assured-common\4.3.3\rest-assured-common-4.3.3.jar;C:\Users\ali.boztemir\.m2\repository\io\rest-assured\xml-path\4.3.3\xml-path-4.3.3.jar;C:\Users\ali.boztemir\.m2\repository\org\apache\commons\commons-lang3\3.11\commons-lang3-3.11.jar;C:\Users\ali.boztemir\.m2\repository\jakarta\xml\bind\jakarta.xml.bind-api\2.3.3\jakarta.xml.bind-api-2.3.3.jar;C:\Users\ali.boztemir\.m2\repository\jakarta\activation\jakarta.activation-api\1.2.2\jakarta.activation-api-1.2.2.jar;C:\Users\ali.boztemir\.m2\repository\com\sun\xml\bind\jaxb-impl\2.3.3\jaxb-impl-2.3.3.jar;C:\Users\ali.boztemir\.m2\repository\io\rest-assured\json-schema-validator\4.3.3\json-schema-validator-4.3.3.jar;C:\Users\ali.boztemir\.m2\repository\com\github\java-json-tools\json-schema-validator\2.2.14\json-schema-validator-2.2.14.jar;C:\Users\ali.boztemir\.m2\repository\com\google\guava\guava\28.2-android\guava-28.2-android.jar;C:\Users\ali.boztemir\.m2\repository\com\google\guava\failureaccess\1.0.1\failureaccess-1.0.1.jar;C:\Users\ali.boztemir\.m2\repository\com\google\guava\listenablefuture\9999.0-empty-to-avoid-conflict-with-guava\listenablefuture-9999.0-empty-to-avoid-conflict-with-guava.jar;C:\Users\ali.boztemir\.m2\repository\org\checkerframework\checker-compat-qual\2.5.5\checker-compat-qual-2.5.5.jar;C:\Users\ali.boztemir\.m2\repository\com\google\errorprone\error_prone_annotations\2.3.4\error_prone_annotations-2.3.4.jar;C:\Users\ali.boztemir\.m2\repository\com\google\j2objc\j2objc-annotations\1.3\j2objc-annotations-1.3.jar;C:\Users\ali.boztemir\.m2\repository\com\github\java-json-tools\jackson-coreutils-equivalence\1.0\jackson-coreutils-equivalence-1.0.jar;C:\Users\ali.boztemir\.m2\repository\com\github\java-json-tools\jackson-coreutils\2.0\jackson-coreutils-2.0.jar;C:\Users\ali.boztemir\.m2\repository\com\github\java-json-tools\msg-simple\1.2\msg-simple-1.2.jar;C:\Users\ali.boztemir\.m2\repository\com\github\java-json-tools\btf\1.3\btf-1.3.jar;C:\Users\ali.boztemir\.m2\repository\com\github\java-json-tools\json-schema-core\1.2.14\json-schema-core-1.2.14.jar;C:\Users\ali.boztemir\.m2\repository\com\github\java-json-tools\uri-template\0.10\uri-template-0.10.jar;C:\Users\ali.boztemir\.m2\repository\org\mozilla\rhino\1.7.7.2\rhino-1.7.7.2.jar;C:\Users\ali.boztemir\.m2\repository\com\sun\mail\mailapi\1.6.2\mailapi-1.6.2.jar;C:\Users\ali.boztemir\.m2\repository\joda-time\joda-time\2.10.5\joda-time-2.10.5.jar;C:\Users\ali.boztemir\.m2\repository\com\googlecode\libphonenumber\libphonenumber\8.11.1\libphonenumber-8.11.1.jar;C:\Users\ali.boztemir\.m2\repository\com\google\code\findbugs\jsr305\3.0.2\jsr305-3.0.2.jar;C:\Users\ali.boztemir\.m2\repository\net\sf\jopt-simple\jopt-simple\5.0.4\jopt-simple-5.0.4.jar;C:\Users\ali.boztemir\.m2\repository\com\beust\jcommander\1.78\jcommander-1.78.jar;C:\Users\ali.boztemir\.m2\repository\com\fasterxml\jackson\core\jackson-databind\2.12.1\jackson-databind-2.12.1.jar;C:\Users\ali.boztemir\.m2\repository\com\fasterxml\jackson\core\jackson-annotations\2.12.1\jackson-annotations-2.12.1.jar;C:\Users\ali.boztemir\.m2\repository\com\fasterxml\jackson\core\jackson-core\2.12.1\jackson-core-2.12.1.jar;C:\Users\ali.boztemir\.m2\repository\com\google\code\gson\gson\2.8.6\gson-2.8.6.jar;C:\Users\ali.boztemir\.m2\repository\org\apache\poi\poi\4.1.2\poi-4.1.2.jar;C:\Users\ali.boztemir\.m2\repository\commons-codec\commons-codec\1.13\commons-codec-1.13.jar;C:\Users\ali.boztemir\.m2\repository\org\apache\commons\commons-collections4\4.4\commons-collections4-4.4.jar;C:\Users\ali.boztemir\.m2\repository\org\apache\commons\commons-math3\3.6.1\commons-math3-3.6.1.jar;C:\Users\ali.boztemir\.m2\repository\com\zaxxer\SparseBitSet\1.2\SparseBitSet-1.2.jar;C:\Users\ali.boztemir\.m2\repository\org\apache\poi\poi-ooxml\4.1.2\poi-ooxml-4.1.2.jar;C:\Users\ali.boztemir\.m2\repository\org\apache\poi\poi-ooxml-schemas\4.1.2\poi-ooxml-schemas-4.1.2.jar;C:\Users\ali.boztemir\.m2\repository\org\apache\xmlbeans\xmlbeans\3.1.0\xmlbeans-3.1.0.jar;C:\Users\ali.boztemir\.m2\repository\org\apache\commons\commons-compress\1.19\commons-compress-1.19.jar;C:\Users\ali.boztemir\.m2\repository\com\github\virtuald\curvesapi\1.06\curvesapi-1.06.jar;"/>
    <property name="java.vm.vendor" value="Oracle Corporation"/>
    <property name="sun.arch.data.model" value="64"/>
    <property name="user.variant" value=""/>
    <property name="java.vendor.url" value="https://java.oracle.com/"/>
    <property name="user.timezone" value="Europe/Istanbul"/>
    <property name="os.name" value="Windows 10"/>
    <property name="java.vm.specification.version" value="14"/>
    <property name="sun.java.launcher" value="SUN_STANDARD"/>
    <property name="user.country" value="TR"/>
    <property name="sun.boot.library.path" value="C:\Users\ali.boztemir\.p2\pool\plugins\org.eclipse.justj.openjdk.hotspot.jre.full.win32.x86_64_14.0.2.v20200815-0932\jre\bin"/>
    <property name="sun.java.command" value="C:\Users\ALI~1.BOZ\AppData\Local\Temp\surefire17541631027127263354\surefirebooter9404224284392541644.jar C:\Users\ali.boztemir\AppData\Local\Temp\surefire17541631027127263354 2021-04-13T17-26-55_520-jvmRun1 surefire12526190580649171257tmp surefire_0585558988904849661tmp"/>
    <property name="jdk.debug" value="release"/>
    <property name="surefire.test.class.path" value="C:\Users\ali.boztemir\Desktop\AutoGroup\RestAssuredBDDTests-master\target\test-classes;C:\Users\ali.boztemir\Desktop\AutoGroup\RestAssuredBDDTests-master\target\classes;C:\Users\ali.boztemir\.m2\repository\junit\junit\4.13.1\junit-4.13.1.jar;C:\Users\ali.boztemir\.m2\repository\org\hamcrest\hamcrest-core\1.3\hamcrest-core-1.3.jar;C:\Users\ali.boztemir\.m2\repository\io\cucumber\cucumber-java\6.9.1\cucumber-java-6.9.1.jar;C:\Users\ali.boztemir\.m2\repository\io\cucumber\cucumber-core\6.9.1\cucumber-core-6.9.1.jar;C:\Users\ali.boztemir\.m2\repository\io\cucumber\cucumber-gherkin\6.9.1\cucumber-gherkin-6.9.1.jar;C:\Users\ali.boztemir\.m2\repository\io\cucumber\cucumber-gherkin-messages\6.9.1\cucumber-gherkin-messages-6.9.1.jar;C:\Users\ali.boztemir\.m2\repository\io\cucumber\messages\13.2.1\messages-13.2.1.jar;C:\Users\ali.boztemir\.m2\repository\io\cucumber\tag-expressions\3.0.0\tag-expressions-3.0.0.jar;C:\Users\ali.boztemir\.m2\repository\io\cucumber\cucumber-expressions\10.3.0\cucumber-expressions-10.3.0.jar;C:\Users\ali.boztemir\.m2\repository\io\cucumber\datatable\3.5.0\datatable-3.5.0.jar;C:\Users\ali.boztemir\.m2\repository\io\cucumber\cucumber-plugin\6.9.1\cucumber-plugin-6.9.1.jar;C:\Users\ali.boztemir\.m2\repository\io\cucumber\docstring\6.9.1\docstring-6.9.1.jar;C:\Users\ali.boztemir\.m2\repository\io\cucumber\html-formatter\9.0.0\html-formatter-9.0.0.jar;C:\Users\ali.boztemir\.m2\repository\io\cucumber\create-meta\2.0.4\create-meta-2.0.4.jar;C:\Users\ali.boztemir\.m2\repository\org\apiguardian\apiguardian-api\1.1.0\apiguardian-api-1.1.0.jar;C:\Users\ali.boztemir\.m2\repository\io\cucumber\cucumber-junit\6.9.1\cucumber-junit-6.9.1.jar;C:\Users\ali.boztemir\.m2\repository\io\rest-assured\rest-assured\4.3.3\rest-assured-4.3.3.jar;C:\Users\ali.boztemir\.m2\repository\org\codehaus\groovy\groovy\3.0.7\groovy-3.0.7.jar;C:\Users\ali.boztemir\.m2\repository\org\codehaus\groovy\groovy-xml\3.0.7\groovy-xml-3.0.7.jar;C:\Users\ali.boztemir\.m2\repository\org\apache\httpcomponents\httpclient\4.5.3\httpclient-4.5.3.jar;C:\Users\ali.boztemir\.m2\repository\org\apache\httpcomponents\httpcore\4.4.6\httpcore-4.4.6.jar;C:\Users\ali.boztemir\.m2\repository\commons-logging\commons-logging\1.2\commons-logging-1.2.jar;C:\Users\ali.boztemir\.m2\repository\org\apache\httpcomponents\httpmime\4.5.3\httpmime-4.5.3.jar;C:\Users\ali.boztemir\.m2\repository\org\hamcrest\hamcrest\2.1\hamcrest-2.1.jar;C:\Users\ali.boztemir\.m2\repository\org\ccil\cowan\tagsoup\tagsoup\1.2.1\tagsoup-1.2.1.jar;C:\Users\ali.boztemir\.m2\repository\io\rest-assured\json-path\4.3.3\json-path-4.3.3.jar;C:\Users\ali.boztemir\.m2\repository\org\codehaus\groovy\groovy-json\3.0.7\groovy-json-3.0.7.jar;C:\Users\ali.boztemir\.m2\repository\io\rest-assured\rest-assured-common\4.3.3\rest-assured-common-4.3.3.jar;C:\Users\ali.boztemir\.m2\repository\io\rest-assured\xml-path\4.3.3\xml-path-4.3.3.jar;C:\Users\ali.boztemir\.m2\repository\org\apache\commons\commons-lang3\3.11\commons-lang3-3.11.jar;C:\Users\ali.boztemir\.m2\repository\jakarta\xml\bind\jakarta.xml.bind-api\2.3.3\jakarta.xml.bind-api-2.3.3.jar;C:\Users\ali.boztemir\.m2\repository\jakarta\activation\jakarta.activation-api\1.2.2\jakarta.activation-api-1.2.2.jar;C:\Users\ali.boztemir\.m2\repository\com\sun\xml\bind\jaxb-impl\2.3.3\jaxb-impl-2.3.3.jar;C:\Users\ali.boztemir\.m2\repository\io\rest-assured\json-schema-validator\4.3.3\json-schema-validator-4.3.3.jar;C:\Users\ali.boztemir\.m2\repository\com\github\java-json-tools\json-schema-validator\2.2.14\json-schema-validator-2.2.14.jar;C:\Users\ali.boztemir\.m2\repository\com\google\guava\guava\28.2-android\guava-28.2-android.jar;C:\Users\ali.boztemir\.m2\repository\com\google\guava\failureaccess\1.0.1\failureaccess-1.0.1.jar;C:\Users\ali.boztemir\.m2\repository\com\google\guava\listenablefuture\9999.0-empty-to-avoid-conflict-with-guava\listenablefuture-9999.0-empty-to-avoid-conflict-with-guava.jar;C:\Users\ali.boztemir\.m2\repository\org\checkerframework\checker-compat-qual\2.5.5\checker-compat-qual-2.5.5.jar;C:\Users\ali.boztemir\.m2\repository\com\google\errorprone\error_prone_annotations\2.3.4\error_prone_annotations-2.3.4.jar;C:\Users\ali.boztemir\.m2\repository\com\google\j2objc\j2objc-annotations\1.3\j2objc-annotations-1.3.jar;C:\Users\ali.boztemir\.m2\repository\com\github\java-json-tools\jackson-coreutils-equivalence\1.0\jackson-coreutils-equivalence-1.0.jar;C:\Users\ali.boztemir\.m2\repository\com\github\java-json-tools\jackson-coreutils\2.0\jackson-coreutils-2.0.jar;C:\Users\ali.boztemir\.m2\repository\com\github\java-json-tools\msg-simple\1.2\msg-simple-1.2.jar;C:\Users\ali.boztemir\.m2\repository\com\github\java-json-tools\btf\1.3\btf-1.3.jar;C:\Users\ali.boztemir\.m2\repository\com\github\java-json-tools\json-schema-core\1.2.14\json-schema-core-1.2.14.jar;C:\Users\ali.boztemir\.m2\repository\com\github\java-json-tools\uri-template\0.10\uri-template-0.10.jar;C:\Users\ali.boztemir\.m2\repository\org\mozilla\rhino\1.7.7.2\rhino-1.7.7.2.jar;C:\Users\ali.boztemir\.m2\repository\com\sun\mail\mailapi\1.6.2\mailapi-1.6.2.jar;C:\Users\ali.boztemir\.m2\repository\joda-time\joda-time\2.10.5\joda-time-2.10.5.jar;C:\Users\ali.boztemir\.m2\repository\com\googlecode\libphonenumber\libphonenumber\8.11.1\libphonenumber-8.11.1.jar;C:\Users\ali.boztemir\.m2\repository\com\google\code\findbugs\jsr305\3.0.2\jsr305-3.0.2.jar;C:\Users\ali.boztemir\.m2\repository\net\sf\jopt-simple\jopt-simple\5.0.4\jopt-simple-5.0.4.jar;C:\Users\ali.boztemir\.m2\repository\com\beust\jcommander\1.78\jcommander-1.78.jar;C:\Users\ali.boztemir\.m2\repository\com\fasterxml\jackson\core\jackson-databind\2.12.1\jackson-databind-2.12.1.jar;C:\Users\ali.boztemir\.m2\repository\com\fasterxml\jackson\core\jackson-annotations\2.12.1\jackson-annotations-2.12.1.jar;C:\Users\ali.boztemir\.m2\repository\com\fasterxml\jackson\core\jackson-core\2.12.1\jackson-core-2.12.1.jar;C:\Users\ali.boztemir\.m2\repository\com\google\code\gson\gson\2.8.6\gson-2.8.6.jar;C:\Users\ali.boztemir\.m2\repository\org\apache\poi\poi\4.1.2\poi-4.1.2.jar;C:\Users\ali.boztemir\.m2\repository\commons-codec\commons-codec\1.13\commons-codec-1.13.jar;C:\Users\ali.boztemir\.m2\repository\org\apache\commons\commons-collections4\4.4\commons-collections4-4.4.jar;C:\Users\ali.boztemir\.m2\repository\org\apache\commons\commons-math3\3.6.1\commons-math3-3.6.1.jar;C:\Users\ali.boztemir\.m2\repository\com\zaxxer\SparseBitSet\1.2\SparseBitSet-1.2.jar;C:\Users\ali.boztemir\.m2\repository\org\apache\poi\poi-ooxml\4.1.2\poi-ooxml-4.1.2.jar;C:\Users\ali.boztemir\.m2\repository\org\apache\poi\poi-ooxml-schemas\4.1.2\poi-ooxml-schemas-4.1.2.jar;C:\Users\ali.boztemir\.m2\repository\org\apache\xmlbeans\xmlbeans\3.1.0\xmlbeans-3.1.0.jar;C:\Users\ali.boztemir\.m2\repository\org\apache\commons\commons-compress\1.19\commons-compress-1.19.jar;C:\Users\ali.boztemir\.m2\repository\com\github\virtuald\curvesapi\1.06\curvesapi-1.06.jar;"/>
    <property name="sun.cpu.endian" value="little"/>
    <property name="user.home" value="C:\Users\ali.boztemir"/>
    <property name="user.language" value="tr"/>
    <property name="java.specification.vendor" value="Oracle Corporation"/>
    <property name="java.version.date" value="2020-07-14"/>
    <property name="java.home" value="C:\Users\ali.boztemir\.p2\pool\plugins\org.eclipse.justj.openjdk.hotspot.jre.full.win32.x86_64_14.0.2.v20200815-0932\jre"/>
    <property name="file.separator" value="\"/>
    <property name="basedir" value="C:\Users\ali.boztemir\Desktop\AutoGroup\RestAssuredBDDTests-master"/>
    <property name="java.vm.compressedOopsMode" value="32-bit"/>
    <property name="line.separator" value="&#10;"/>
    <property name="java.vm.specification.vendor" value="Oracle Corporation"/>
    <property name="java.specification.name" value="Java Platform API Specification"/>
    <property name="surefire.real.class.path" value="C:\Users\ALI~1.BOZ\AppData\Local\Temp\surefire17541631027127263354\surefirebooter9404224284392541644.jar"/>
    <property name="user.script" value=""/>
    <property name="sun.management.compiler" value="HotSpot 64-Bit Tiered Compilers"/>
    <property name="java.runtime.version" value="14.0.2+12-46"/>
    <property name="user.name" value="ali.boztemir"/>
    <property name="path.separator" value=";"/>
    <property name="os.version" value="10.0"/>
    <property name="java.runtime.name" value="OpenJDK Runtime Environment"/>
    <property name="file.encoding" value="Cp1254"/>
    <property name="java.vm.name" value="OpenJDK 64-Bit Server VM"/>
    <property name="localRepository" value="C:\Users\ali.boztemir\.m2\repository"/>
    <property name="java.vendor.url.bug" value="https://bugreport.java.com/bugreport/"/>
    <property name="java.io.tmpdir" value="C:\Users\ALI~1.BOZ\AppData\Local\Temp\"/>
    <property name="java.version" value="14.0.2"/>
    <property name="user.dir" value="C:\Users\ali.boztemir\Desktop\AutoGroup\RestAssuredBDDTests-master"/>
    <property name="os.arch" value="amd64"/>
    <property name="java.vm.specification.name" value="Java Virtual Machine Specification"/>
    <property name="sun.os.patch.level" value=""/>
    <property name="java.library.path" value="C:\Users\ali.boztemir\.p2\pool\plugins\org.eclipse.justj.openjdk.hotspot.jre.full.win32.x86_64_14.0.2.v20200815-0932\jre\bin;C:\WINDOWS\Sun\Java\bin;C:\WINDOWS\system32;C:\WINDOWS;C:\Users\ali.boztemir\Anaconda3\condabin;C:/Users/ali.boztemir/.p2/pool/plugins/org.eclipse.justj.openjdk.hotspot.jre.full.win32.x86_64_14.0.2.v20200815-0932/jre/bin/server;C:/Users/ali.boztemir/.p2/pool/plugins/org.eclipse.justj.openjdk.hotspot.jre.full.win32.x86_64_14.0.2.v20200815-0932/jre/bin;C:\Program Files (x86)\Common Files\Oracle\Java\javapath;C:\Program Files (x86)\Intel\iCLS Client\;C:\Program Files\Intel\iCLS Client\;C:\WINDOWS\system32;C:\WINDOWS;C:\WINDOWS\System32\Wbem;C:\WINDOWS\System32\WindowsPowerShell\v1.0\;C:\WINDOWS\System32\OpenSSH\;C:\Program Files (x86)\Microsoft SQL Server\Client SDK\ODBC\130\Tools\Binn\;C:\Program Files (x86)\Microsoft SQL Server\140\Tools\Binn\;C:\Program Files (x86)\Microsoft SQL Server\140\DTS\Binn\;C:\Program Files (x86)\Microsoft SQL Server\140\Tools\Binn\ManagementStudio\;C:\Program Files\Microsoft SQL Server\130\Tools\Binn\;C:\Program Files\Microsoft SQL Server\Client SDK\ODBC\170\Tools\Binn\;C:\Program Files\Git\cmd;C:\Program Files\dotnet\;C:\Program Files (x86)\dotnet\;C:\Forecasting\ForecastingEngine2017\COMMON\DllReference\ilog\version121;;C:\Program Files\Docker\Docker\resources\bin;C:\ProgramData\DockerDesktop\version-bin;C:\Users\ali.boztemir\AppData\Local\Microsoft\WindowsApps;C:\Users\ali.boztemir\.dotnet\tools;C:\Users\ali.boztemir\AppData\Local\Programs\Microsoft VS Code\bin;C:\Users\ali.boztemir\Anaconda3\Scripts;C:\Users\ali.boztemir\Anaconda3;C:\Users\ali.boztemir\Anaconda3\Library\bin;C:\Program Files\IBM\ILOG\CPLEX_Studio1210\cplex\bin\x64_win64;C:\Users\ali.boztemir\.dotnet\tools;C:\Users\ali.boztemir\AppData\Local\GitHubDesktop\bin;C:\WINDOWS\system32;;."/>
    <property name="java.vm.info" value="mixed mode"/>
    <property name="java.vendor" value="Oracle Corporation"/>
    <property name="java.vm.version" value="14.0.2+12-46"/>
    <property name="sun.io.unicode.encoding" value="UnicodeLittle"/>
    <property name="java.class.version" value="58.0"/>
  </properties>
  <testcase name="Validate AddCarAPI adds car (with scope check)" classname="Validating AutoGroup Car API&apos;s" time="7.257"/>
  <testcase name="Validate AddCarAPI adds Multiple car (with scope check) #1" classname="Validating AutoGroup Car API&apos;s" time="0.48"/>
  <testcase name="Validate AddCarAPI adds Multiple car (with scope check) #2" classname="Validating AutoGroup Car API&apos;s" time="0.443"/>
  <testcase name="Validate AddCarAPI adds Multiple car (with scope check) #3" classname="Validating AutoGroup Car API&apos;s" time="0.395"/>
  <testcase name="AddCarAPI required field control" classname="Validating AutoGroup Car API&apos;s" time="0.419"/>
  <testcase name="InValidate AddCarAPI retrieves user (Invalid UserId)" classname="Validating AutoGroup Car API&apos;s" time="0.53"/>
  <testcase name="Validate GetCarAPI retrieves user (following AddCarAPI)" classname="Validating AutoGroup Car API&apos;s" time="0.616"/>
  <testcase name="Validate PutCarAPI adds car (with scope check)" classname="Validating AutoGroup Car API&apos;s" time="1.232">
    <failure message="expected:&lt;[&lt;DemoURL&gt;]&gt; but was:&lt;[Updated]&gt;" type="org.junit.ComparisonFailure"><![CDATA[org.junit.ComparisonFailure: expected:<[<DemoURL>]> but was:<[Updated]>
]]></failure>
    <system-out><![CDATA[
@AddUser @AddCar @OnlyAdd @Smoke
Scenario Outline: Validate PutCarAPI adds car (with scope check)                            # src/test/java/features/CarValidations.feature:99
  Given a valid AddUserAPI payload with data "aliboztemir@gmail.com" "ali boztemir"         # step_definitions.AutoGroupValStepDefinition.a_valid_add_user_apÄ±_payload_with_data(java.lang.String,java.lang.String)
  When AddUserAPI request is sent as Post HTTP request                                      # step_definitions.AutoGroupValStepDefinition.request_is_sent_as_http_request(java.lang.String,java.lang.String)
  Then success response is sent back with status code 200                                   # step_definitions.AutoGroupValStepDefinition.response_is_sent_back_with_status_code(int)
  Given a valid AddCarAPI payload with data "<Audi>" "<A7 Sportback>" "<DemoURL>"           # step_definitions.AutoGroupValStepDefinition.a_valid_add_car_apÄ±_payload_with_data(java.lang.String,java.lang.String,java.lang.String)
  When AddCarAPI request is sent as Post HTTP request                                       # step_definitions.AutoGroupValStepDefinition.request_is_sent_as_http_request(java.lang.String,java.lang.String)
  Then success response is sent back with status code 200                                   # step_definitions.AutoGroupValStepDefinition.response_is_sent_back_with_status_code(int)
  Given a valid PutCarAPI payload with data "Updated Manifacture" "Updated Model" "Updated" # step_definitions.AutoGroupValStepDefinition.a_valid_put_car_apÄ±_payload_with_data(java.lang.String,java.lang.String,java.lang.String)
  When PutCarAPI request is sent as Put HTTP request                                        # step_definitions.AutoGroupValStepDefinition.request_is_sent_as_http_request(java.lang.String,java.lang.String)
  Then success response is sent back with status code 200                                   # step_definitions.AutoGroupValStepDefinition.response_is_sent_back_with_status_code(int)
  Given a valid GetCarAPI request                                                           # step_definitions.AutoGroupValStepDefinition.a_valid_get_car_api_request(java.lang.String)
  When GetCarAPI request is sent as Get HTTP request                                        # step_definitions.AutoGroupValStepDefinition.request_is_sent_as_http_request(java.lang.String,java.lang.String)
  And manufacture value in response is "Updated Manifacture"                                # step_definitions.AutoGroupValStepDefinition.value_in_response_is(java.lang.String,java.lang.String)
  And model value in response is "Updated Model"                                            # step_definitions.AutoGroupValStepDefinition.value_in_response_is(java.lang.String,java.lang.String)
  And imageUrl value in response is "Updated"                                               # step_definitions.AutoGroupValStepDefinition.value_in_response_is(java.lang.String,java.lang.String)
      org.junit.ComparisonFailure: expected:<[<DemoURL>]> but was:<[Updated]>
	at org.junit.Assert.assertEquals(Assert.java:117)
	at org.junit.Assert.assertEquals(Assert.java:146)
	at step_definitions.AutoGroupValStepDefinition.value_in_response_is(AutoGroupValStepDefinition.java:65)
	at âœ½.imageUrl value in response is "Updated"(file:///C:/Users/ali.boztemir/Desktop/AutoGroup/RestAssuredBDDTests-master/src/test/java/features/CarValidations.feature:94)

  And length of id value in response must be greater than zero                              # step_definitions.AutoGroupValStepDefinition.length_of_id_value_in_response_must_be_greater_than_zero(java.lang.String)
]]></system-out>
  </testcase>
  <testcase name="PutCarAPI required field control" classname="Validating AutoGroup Car API&apos;s" time="0.626">
    <failure message="1 expectation failed.&#10;Expected status code &lt;400&gt; but was &lt;200&gt;.&#10;" type="java.lang.AssertionError"><![CDATA[java.lang.AssertionError: 
1 expectation failed.
Expected status code <400> but was <200>.

]]></failure>
    <system-out><![CDATA[
@AddUser @AddCar @OnlyAdd @Smoke
Scenario Outline: PutCarAPI required field control                                  # src/test/java/features/CarValidations.feature:112
  Given a valid AddUserAPI payload with data "aliboztemir@gmail.com" "ali boztemir" # step_definitions.AutoGroupValStepDefinition.a_valid_add_user_apÄ±_payload_with_data(java.lang.String,java.lang.String)
  When AddUserAPI request is sent as Post HTTP request                              # step_definitions.AutoGroupValStepDefinition.request_is_sent_as_http_request(java.lang.String,java.lang.String)
  Then success response is sent back with status code 200                           # step_definitions.AutoGroupValStepDefinition.response_is_sent_back_with_status_code(int)
  Given a valid AddCarAPI payload with data "<Audi>" "<A7 Sportback>" "<DemoURL>"   # step_definitions.AutoGroupValStepDefinition.a_valid_add_car_apÄ±_payload_with_data(java.lang.String,java.lang.String,java.lang.String)
  When AddCarAPI request is sent as Post HTTP request                               # step_definitions.AutoGroupValStepDefinition.request_is_sent_as_http_request(java.lang.String,java.lang.String)
  Then success response is sent back with status code 200                           # step_definitions.AutoGroupValStepDefinition.response_is_sent_back_with_status_code(int)
  Given a valid PutCarAPI payload with data "" "" "Updated"                         # step_definitions.AutoGroupValStepDefinition.a_valid_put_car_apÄ±_payload_with_data(java.lang.String,java.lang.String,java.lang.String)
  When PutCarAPI request is sent as Put HTTP request                                # step_definitions.AutoGroupValStepDefinition.request_is_sent_as_http_request(java.lang.String,java.lang.String)
  Then success response is sent back with status code 400                           # step_definitions.AutoGroupValStepDefinition.response_is_sent_back_with_status_code(int)
      java.lang.AssertionError: 1 expectation failed.
Expected status code <400> but was <200>.

	at java.base/jdk.internal.reflect.NativeConstructorAccessorImpl.newInstance0(Native Method)
	at java.base/jdk.internal.reflect.NativeConstructorAccessorImpl.newInstance(NativeConstructorAccessorImpl.java:62)
	at java.base/jdk.internal.reflect.DelegatingConstructorAccessorImpl.newInstance(DelegatingConstructorAccessorImpl.java:45)
	at java.base/java.lang.reflect.Constructor.newInstanceWithCaller(Constructor.java:500)
	at java.base/java.lang.reflect.Constructor.newInstance(Constructor.java:481)
	at org.codehaus.groovy.reflection.CachedConstructor.invoke(CachedConstructor.java:72)
	at org.codehaus.groovy.reflection.CachedConstructor.doConstructorInvoke(CachedConstructor.java:59)
	at org.codehaus.groovy.runtime.callsite.ConstructorSite$ConstructorSiteNoUnwrap.callConstructor(ConstructorSite.java:84)
	at org.codehaus.groovy.runtime.callsite.CallSiteArray.defaultCallConstructor(CallSiteArray.java:59)
	at org.codehaus.groovy.runtime.callsite.AbstractCallSite.callConstructor(AbstractCallSite.java:263)
	at org.codehaus.groovy.runtime.callsite.AbstractCallSite.callConstructor(AbstractCallSite.java:277)
	at io.restassured.internal.ResponseSpecificationImpl$HamcrestAssertionClosure.validate(ResponseSpecificationImpl.groovy:493)
	at io.restassured.internal.ResponseSpecificationImpl$HamcrestAssertionClosure$validate$1.call(Unknown Source)
	at io.restassured.internal.ResponseSpecificationImpl.validate(ResponseSpecificationImpl.groovy:92)
	at io.restassured.internal.ValidatableResponseOptionsImpl.spec(ValidatableResponseOptionsImpl.java:288)
	at io.restassured.internal.ValidatableResponseImpl.super$2$spec(ValidatableResponseImpl.groovy)
	at jdk.internal.reflect.GeneratedMethodAccessor259.invoke(Unknown Source)
	at java.base/jdk.internal.reflect.DelegatingMethodAccessorImpl.invoke(DelegatingMethodAccessorImpl.java:43)
	at java.base/java.lang.reflect.Method.invoke(Method.java:564)
	at org.codehaus.groovy.reflection.CachedMethod.invoke(CachedMethod.java:107)
	at groovy.lang.MetaMethod.doMethodInvoke(MetaMethod.java:323)
	at groovy.lang.MetaClassImpl.invokeMethod(MetaClassImpl.java:1268)
	at org.codehaus.groovy.runtime.ScriptBytecodeAdapter.invokeMethodOnSuperN(ScriptBytecodeAdapter.java:144)
	at io.restassured.internal.ValidatableResponseImpl.spec(ValidatableResponseImpl.groovy:76)
	at io.restassured.internal.ValidatableResponseImpl.spec(ValidatableResponseImpl.groovy)
	at test_resources.AutoGroupRespSpecs.applyRespSpec(AutoGroupRespSpecs.java:27)
	at step_definitions.AutoGroupValStepDefinition.response_is_sent_back_with_status_code(AutoGroupValStepDefinition.java:56)
	at âœ½.success response is sent back with status code 400(file:///C:/Users/ali.boztemir/Desktop/AutoGroup/RestAssuredBDDTests-master/src/test/java/features/CarValidations.feature:108)

]]></system-out>
  </testcase>
  <testcase name="Validate DeleteCarAPI adds car (with scope check) #1" classname="Validating AutoGroup Car API&apos;s" time="0.533"/>
  <testcase name="Validate AddUserAPI adds user (with scope check)" classname="Validating AutoGroup User API&apos;s" time="0.206"/>
  <testcase name="Validate AddUserAPI adds user no name" classname="Validating AutoGroup User API&apos;s" time="0.271"/>
  <testcase name="AddUserAPI required field control" classname="Validating AutoGroup User API&apos;s" time="0.201"/>
  <testcase name="Validate GetUserAPI retrieves user (following AddUserAPI)" classname="Validating AutoGroup User API&apos;s" time="0.336"/>
</testsuite>